Simulator report for 8Bit_computer_diagram
Wed Aug 02 00:49:15 2023
Quartus II Version 7.2 Build 151 09/26/2007 SJ Web Edition


---------------------
; Table of Contents ;
---------------------
  1. Legal Notice
  2. Simulator Summary
  3. Simulator Settings
  4. Simulation Waveforms
  5. |RAM_7489_TEST|RAM_7489:inst|altsyncram:altsyncram_component|altsyncram_ubc1:auto_generated|ALTSYNCRAM
  6. Coverage Summary
  7. Complete 1/0-Value Coverage
  8. Missing 1-Value Coverage
  9. Missing 0-Value Coverage
 10. Simulator INI Usage
 11. Simulator Messages



----------------
; Legal Notice ;
----------------
Copyright (C) 1991-2007 Altera Corporation
Your use of Altera Corporation's design tools, logic functions 
and other software and tools, and its AMPP partner logic 
functions, and any output files from any of the foregoing 
(including device programming or simulation files), and any 
associated documentation or information are expressly subject 
to the terms and conditions of the Altera Program License 
Subscription Agreement, Altera MegaCore Function License 
Agreement, or other applicable license agreement, including, 
without limitation, that your use is for the sole purpose of 
programming logic devices manufactured by Altera and sold by 
Altera or its authorized distributors.  Please refer to the 
applicable agreement for further details.



+--------------------------------------------+
; Simulator Summary                          ;
+-----------------------------+--------------+
; Type                        ; Value        ;
+-----------------------------+--------------+
; Simulation Start Time       ; 0 ps         ;
; Simulation End Time         ; 1.0 us       ;
; Simulation Netlist Size     ; 30 nodes     ;
; Simulation Coverage         ;      43.33 % ;
; Total Number of Transitions ; 334          ;
; Simulation Breakpoints      ; 0            ;
; Family                      ; Cyclone II   ;
+-----------------------------+--------------+


+--------------------------------------------------------------------------------------------------------------------------------+
; Simulator Settings                                                                                                             ;
+--------------------------------------------------------------------------------------------+-------------------+---------------+
; Option                                                                                     ; Setting           ; Default Value ;
+--------------------------------------------------------------------------------------------+-------------------+---------------+
; Simulation mode                                                                            ; Functional        ; Timing        ;
; Start time                                                                                 ; 0 ns              ; 0 ns          ;
; Simulation results format                                                                  ; CVWF              ;               ;
; Vector input source                                                                        ; TEST_RAM_7489.vwf ;               ;
; Add pins automatically to simulation output waveforms                                      ; On                ; On            ;
; Check outputs                                                                              ; Off               ; Off           ;
; Report simulation coverage                                                                 ; On                ; On            ;
; Display complete 1/0 value coverage report                                                 ; On                ; On            ;
; Display missing 1-value coverage report                                                    ; On                ; On            ;
; Display missing 0-value coverage report                                                    ; On                ; On            ;
; Detect setup and hold time violations                                                      ; Off               ; Off           ;
; Detect glitches                                                                            ; Off               ; Off           ;
; Disable timing delays in Timing Simulation                                                 ; Off               ; Off           ;
; Generate Signal Activity File                                                              ; Off               ; Off           ;
; Generate VCD File for PowerPlay Power Analyzer                                             ; Off               ; Off           ;
; Group bus channels in simulation results                                                   ; Off               ; Off           ;
; Preserve fewer signal transitions to reduce memory requirements                            ; On                ; On            ;
; Trigger vector comparison with the specified mode                                          ; INPUT_EDGE        ; INPUT_EDGE    ;
; Disable setup and hold time violations detection in input registers of bi-directional pins ; Off               ; Off           ;
; Overwrite Waveform Inputs With Simulation Outputs                                          ; Off               ;               ;
; Perform Glitch Filtering in Timing Simulation                                              ; Auto              ; Auto          ;
+--------------------------------------------------------------------------------------------+-------------------+---------------+


+----------------------+
; Simulation Waveforms ;
+----------------------+
Waveform report data cannot be output to ASCII.
Please use Quartus II to view the waveform report data.


+--------------------------------------------------------------------------------------------------------+
; |RAM_7489_TEST|RAM_7489:inst|altsyncram:altsyncram_component|altsyncram_ubc1:auto_generated|ALTSYNCRAM ;
+--------------------------------------------------------------------------------------------------------+
Memory report data cannot be output to ASCII.
Please use Quartus II to view the memory report data.


+--------------------------------------------------------------------+
; Coverage Summary                                                   ;
+-----------------------------------------------------+--------------+
; Type                                                ; Value        ;
+-----------------------------------------------------+--------------+
; Total coverage as a percentage                      ;      43.33 % ;
; Total nodes checked                                 ; 30           ;
; Total output ports checked                          ; 30           ;
; Total output ports with complete 1/0-value coverage ; 13           ;
; Total output ports with no 1/0-value coverage       ; 17           ;
; Total output ports with no 1-value coverage         ; 17           ;
; Total output ports with no 0-value coverage         ; 17           ;
+-----------------------------------------------------+--------------+


The following table displays output ports that toggle between 1 and 0 during simulation.
+----------------------------------------------------------------------------------------------------------------------------------------------------------------------------------------------------------------------------------+
; Complete 1/0-Value Coverage                                                                                                                                                                                                      ;
+----------------------------------------------------------------------------------------------------------+----------------------------------------------------------------------------------------------------+------------------+
; Node Name                                                                                                ; Output Port Name                                                                                   ; Output Port Type ;
+----------------------------------------------------------------------------------------------------------+----------------------------------------------------------------------------------------------------+------------------+
; |RAM_7489_TEST|Q0                                                                                        ; |RAM_7489_TEST|Q0                                                                                  ; pin_out          ;
; |RAM_7489_TEST|CLK                                                                                       ; |RAM_7489_TEST|CLK                                                                                 ; out              ;
; |RAM_7489_TEST|A0                                                                                        ; |RAM_7489_TEST|A0                                                                                  ; out              ;
; |RAM_7489_TEST|A3                                                                                        ; |RAM_7489_TEST|A3                                                                                  ; out              ;
; |RAM_7489_TEST|A2                                                                                        ; |RAM_7489_TEST|A2                                                                                  ; out              ;
; |RAM_7489_TEST|A1                                                                                        ; |RAM_7489_TEST|A1                                                                                  ; out              ;
; |RAM_7489_TEST|Q1                                                                                        ; |RAM_7489_TEST|Q1                                                                                  ; pin_out          ;
; |RAM_7489_TEST|Q2                                                                                        ; |RAM_7489_TEST|Q2                                                                                  ; pin_out          ;
; |RAM_7489_TEST|Q3                                                                                        ; |RAM_7489_TEST|Q3                                                                                  ; pin_out          ;
; |RAM_7489_TEST|RAM_7489:inst|altsyncram:altsyncram_component|altsyncram_ubc1:auto_generated|ram_block1a0 ; |RAM_7489_TEST|RAM_7489:inst|altsyncram:altsyncram_component|altsyncram_ubc1:auto_generated|q_a[0] ; portadataout0    ;
; |RAM_7489_TEST|RAM_7489:inst|altsyncram:altsyncram_component|altsyncram_ubc1:auto_generated|ram_block1a1 ; |RAM_7489_TEST|RAM_7489:inst|altsyncram:altsyncram_component|altsyncram_ubc1:auto_generated|q_a[1] ; portadataout0    ;
; |RAM_7489_TEST|RAM_7489:inst|altsyncram:altsyncram_component|altsyncram_ubc1:auto_generated|ram_block1a2 ; |RAM_7489_TEST|RAM_7489:inst|altsyncram:altsyncram_component|altsyncram_ubc1:auto_generated|q_a[2] ; portadataout0    ;
; |RAM_7489_TEST|RAM_7489:inst|altsyncram:altsyncram_component|altsyncram_ubc1:auto_generated|ram_block1a3 ; |RAM_7489_TEST|RAM_7489:inst|altsyncram:altsyncram_component|altsyncram_ubc1:auto_generated|q_a[3] ; portadataout0    ;
+----------------------------------------------------------------------------------------------------------+----------------------------------------------------------------------------------------------------+------------------+


The following table displays output ports that do not toggle to 1 during simulation.
+----------------------------------------------------------------------------------------------------------------------------------------------------------------------------------------------------------------------------------+
; Missing 1-Value Coverage                                                                                                                                                                                                         ;
+----------------------------------------------------------------------------------------------------------+----------------------------------------------------------------------------------------------------+------------------+
; Node Name                                                                                                ; Output Port Name                                                                                   ; Output Port Type ;
+----------------------------------------------------------------------------------------------------------+----------------------------------------------------------------------------------------------------+------------------+
; |RAM_7489_TEST|WE                                                                                        ; |RAM_7489_TEST|WE                                                                                  ; out              ;
; |RAM_7489_TEST|D7                                                                                        ; |RAM_7489_TEST|D7                                                                                  ; out              ;
; |RAM_7489_TEST|D6                                                                                        ; |RAM_7489_TEST|D6                                                                                  ; out              ;
; |RAM_7489_TEST|D5                                                                                        ; |RAM_7489_TEST|D5                                                                                  ; out              ;
; |RAM_7489_TEST|D4                                                                                        ; |RAM_7489_TEST|D4                                                                                  ; out              ;
; |RAM_7489_TEST|D3                                                                                        ; |RAM_7489_TEST|D3                                                                                  ; out              ;
; |RAM_7489_TEST|D2                                                                                        ; |RAM_7489_TEST|D2                                                                                  ; out              ;
; |RAM_7489_TEST|D1                                                                                        ; |RAM_7489_TEST|D1                                                                                  ; out              ;
; |RAM_7489_TEST|D0                                                                                        ; |RAM_7489_TEST|D0                                                                                  ; out              ;
; |RAM_7489_TEST|Q4                                                                                        ; |RAM_7489_TEST|Q4                                                                                  ; pin_out          ;
; |RAM_7489_TEST|Q5                                                                                        ; |RAM_7489_TEST|Q5                                                                                  ; pin_out          ;
; |RAM_7489_TEST|Q6                                                                                        ; |RAM_7489_TEST|Q6                                                                                  ; pin_out          ;
; |RAM_7489_TEST|Q7                                                                                        ; |RAM_7489_TEST|Q7                                                                                  ; pin_out          ;
; |RAM_7489_TEST|RAM_7489:inst|altsyncram:altsyncram_component|altsyncram_ubc1:auto_generated|ram_block1a4 ; |RAM_7489_TEST|RAM_7489:inst|altsyncram:altsyncram_component|altsyncram_ubc1:auto_generated|q_a[4] ; portadataout0    ;
; |RAM_7489_TEST|RAM_7489:inst|altsyncram:altsyncram_component|altsyncram_ubc1:auto_generated|ram_block1a5 ; |RAM_7489_TEST|RAM_7489:inst|altsyncram:altsyncram_component|altsyncram_ubc1:auto_generated|q_a[5] ; portadataout0    ;
; |RAM_7489_TEST|RAM_7489:inst|altsyncram:altsyncram_component|altsyncram_ubc1:auto_generated|ram_block1a6 ; |RAM_7489_TEST|RAM_7489:inst|altsyncram:altsyncram_component|altsyncram_ubc1:auto_generated|q_a[6] ; portadataout0    ;
; |RAM_7489_TEST|RAM_7489:inst|altsyncram:altsyncram_component|altsyncram_ubc1:auto_generated|ram_block1a7 ; |RAM_7489_TEST|RAM_7489:inst|altsyncram:altsyncram_component|altsyncram_ubc1:auto_generated|q_a[7] ; portadataout0    ;
+----------------------------------------------------------------------------------------------------------+----------------------------------------------------------------------------------------------------+------------------+


The following table displays output ports that do not toggle to 0 during simulation.
+----------------------------------------------------------------------------------------------------------------------------------------------------------------------------------------------------------------------------------+
; Missing 0-Value Coverage                                                                                                                                                                                                         ;
+----------------------------------------------------------------------------------------------------------+----------------------------------------------------------------------------------------------------+------------------+
; Node Name                                                                                                ; Output Port Name                                                                                   ; Output Port Type ;
+----------------------------------------------------------------------------------------------------------+----------------------------------------------------------------------------------------------------+------------------+
; |RAM_7489_TEST|WE                                                                                        ; |RAM_7489_TEST|WE                                                                                  ; out              ;
; |RAM_7489_TEST|D7                                                                                        ; |RAM_7489_TEST|D7                                                                                  ; out              ;
; |RAM_7489_TEST|D6                                                                                        ; |RAM_7489_TEST|D6                                                                                  ; out              ;
; |RAM_7489_TEST|D5                                                                                        ; |RAM_7489_TEST|D5                                                                                  ; out              ;
; |RAM_7489_TEST|D4                                                                                        ; |RAM_7489_TEST|D4                                                                                  ; out              ;
; |RAM_7489_TEST|D3                                                                                        ; |RAM_7489_TEST|D3                                                                                  ; out              ;
; |RAM_7489_TEST|D2                                                                                        ; |RAM_7489_TEST|D2                                                                                  ; out              ;
; |RAM_7489_TEST|D1                                                                                        ; |RAM_7489_TEST|D1                                                                                  ; out              ;
; |RAM_7489_TEST|D0                                                                                        ; |RAM_7489_TEST|D0                                                                                  ; out              ;
; |RAM_7489_TEST|Q4                                                                                        ; |RAM_7489_TEST|Q4                                                                                  ; pin_out          ;
; |RAM_7489_TEST|Q5                                                                                        ; |RAM_7489_TEST|Q5                                                                                  ; pin_out          ;
; |RAM_7489_TEST|Q6                                                                                        ; |RAM_7489_TEST|Q6                                                                                  ; pin_out          ;
; |RAM_7489_TEST|Q7                                                                                        ; |RAM_7489_TEST|Q7                                                                                  ; pin_out          ;
; |RAM_7489_TEST|RAM_7489:inst|altsyncram:altsyncram_component|altsyncram_ubc1:auto_generated|ram_block1a4 ; |RAM_7489_TEST|RAM_7489:inst|altsyncram:altsyncram_component|altsyncram_ubc1:auto_generated|q_a[4] ; portadataout0    ;
; |RAM_7489_TEST|RAM_7489:inst|altsyncram:altsyncram_component|altsyncram_ubc1:auto_generated|ram_block1a5 ; |RAM_7489_TEST|RAM_7489:inst|altsyncram:altsyncram_component|altsyncram_ubc1:auto_generated|q_a[5] ; portadataout0    ;
; |RAM_7489_TEST|RAM_7489:inst|altsyncram:altsyncram_component|altsyncram_ubc1:auto_generated|ram_block1a6 ; |RAM_7489_TEST|RAM_7489:inst|altsyncram:altsyncram_component|altsyncram_ubc1:auto_generated|q_a[6] ; portadataout0    ;
; |RAM_7489_TEST|RAM_7489:inst|altsyncram:altsyncram_component|altsyncram_ubc1:auto_generated|ram_block1a7 ; |RAM_7489_TEST|RAM_7489:inst|altsyncram:altsyncram_component|altsyncram_ubc1:auto_generated|q_a[7] ; portadataout0    ;
+----------------------------------------------------------------------------------------------------------+----------------------------------------------------------------------------------------------------+------------------+


+---------------------+
; Simulator INI Usage ;
+--------+------------+
; Option ; Usage      ;
+--------+------------+


+--------------------+
; Simulator Messages ;
+--------------------+
Info: *******************************************************************
Info: Running Quartus II Simulator
    Info: Version 7.2 Build 151 09/26/2007 SJ Web Edition
    Info: Processing started: Wed Aug 02 00:49:15 2023
Info: Command: quartus_sim --read_settings_files=on --write_settings_files=off 8Bit_computer_diagram -c 8Bit_computer_diagram
Info: Using vector source file "C:/Users/zongr/OneDrive/Desktop/Honor Project/8Bit_computer/TEST_RAM_7489.vwf"
Info: Option to preserve fewer signal transitions to reduce memory requirements is enabled
    Info: Simulation has been partitioned into sub-simulations according to the maximum transition count determined by the engine. Transitions from memory will be flushed out to disk at the end of each sub-simulation to reduce memory requirements.
Info: Simulation partitioned into 1 sub-simulations
Info: Simulation coverage is      43.33 %
Info: Number of transitions in simulation is 334
Info: Quartus II Simulator was successful. 0 errors, 0 warnings
    Info: Allocated 148 megabytes of memory during processing
    Info: Processing ended: Wed Aug 02 00:49:15 2023
    Info: Elapsed time: 00:00:00


